<?xml version="1.0" encoding="utf-8"?><testsuites name="pytest tests"><testsuite name="pytest" errors="0" failures="0" skipped="0" tests="7" time="1.302" timestamp="2026-03-06T14:21:04.369889+00:00" hostname="agent-env-accec9ae-9904-4d25-9675-d489cde9df2c"><testcase classname="backend.tests.test_tabpilot_api.TestHealthEndpoint" name="test_api_root_returns_200" time="0.311" /><testcase classname="backend.tests.test_tabpilot_api.TestSessionsCRUD" name="test_get_sessions_returns_200" time="0.129" /><testcase classname="backend.tests.test_tabpilot_api.TestSessionsCRUD" name="test_create_session_and_verify_persistence" time="0.195" /><testcase classname="backend.tests.test_tabpilot_api.TestSessionsCRUD" name="test_delete_session_and_verify_removal" time="0.209" /><testcase classname="backend.tests.test_tabpilot_api.TestSuggestionsEndpoint" name="test_create_suggestion_success" time="0.116" /><testcase classname="backend.tests.test_tabpilot_api.TestSuggestionsEndpoint" name="test_create_suggestion_with_empty_name" time="0.108" /><testcase classname="backend.tests.test_tabpilot_api.TestSuggestionsEndpoint" name="test_create_suggestion_missing_message_fails" time="0.118" /></testsuite></testsuites>